2023.11.01 19:42:10 INFO  Started: Metals version 1.1.0 in folders '/home/dio/Documents/it/languages/scala/uni/SE/ha01/arithmetic' for client Visual Studio Code 1.83.1.
2023.11.01 19:42:12 WARN  Build server is not auto-connectable.
2023.11.01 19:50:34 WARN  no build target for: /home/dio/Documents/it/languages/scala/uni/SE/ha01/arithmetic/src/main/scala/Main.scala
2023.11.01 19:50:42 INFO  no build target found for /home/dio/Documents/it/languages/scala/uni/SE/ha01/arithmetic/src/main/scala/Main.scala. Using presentation compiler with project's scala-library version: 3.3.1
Nov 01, 2023 7:50:44 PM org.eclipse.lsp4j.jsonrpc.RemoteEndpoint handleCancellation
WARNING: Unmatched cancel notification for request id 4
Nov 01, 2023 7:50:44 PM org.eclipse.lsp4j.jsonrpc.RemoteEndpoint handleCancellation
WARNING: Unmatched cancel notification for request id 1
Nov 01, 2023 7:50:44 PM org.eclipse.lsp4j.jsonrpc.RemoteEndpoint handleCancellation
WARNING: Unmatched cancel notification for request id 6
2023.11.01 19:50:44 WARN  no build target for: /home/dio/Documents/it/languages/scala/uni/SE/ha01/arithmetic/src/main/scala/Main.scala
Nov 01, 2023 7:50:44 PM org.eclipse.lsp4j.jsonrpc.RemoteEndpoint handleCancellation
WARNING: Unmatched cancel notification for request id 8
2023.11.01 19:50:47 WARN  no build target for: /home/dio/Documents/it/languages/scala/uni/SE/ha01/arithmetic/src/main/scala/Main.scala
2023.11.01 19:50:52 INFO  time: code lens generation in 8.77s
2023.11.01 19:50:52 INFO  time: code lens generation in 4.38s
2023.11.01 19:50:52 INFO  time: code lens generation in 8.32s
Nov 01, 2023 7:50:52 PM org.eclipse.lsp4j.jsonrpc.RemoteEndpoint handleCancellation
WARNING: Unmatched cancel notification for request id 24
Nov 01, 2023 7:50:59 PM org.eclipse.lsp4j.jsonrpc.RemoteEndpoint handleCancellation
WARNING: Unmatched cancel notification for request id 33
Nov 01, 2023 7:51:00 PM org.eclipse.lsp4j.jsonrpc.RemoteEndpoint handleCancellation
WARNING: Unmatched cancel notification for request id 35
Nov 01, 2023 7:51:00 PM org.eclipse.lsp4j.jsonrpc.RemoteEndpoint handleCancellation
WARNING: Unmatched cancel notification for request id 36
Nov 01, 2023 7:51:00 PM org.eclipse.lsp4j.jsonrpc.RemoteEndpoint handleCancellation
WARNING: Unmatched cancel notification for request id 37
2023.11.01 19:51:13 WARN  no build target for: /home/dio/Documents/it/languages/scala/uni/SE/ha01/arithmetic/src/main/scala/Main.scala
2023.11.01 20:04:17 WARN  no build target for: /home/dio/Documents/it/languages/scala/uni/SE/ha01/arithmetic/src/main/scala/Main.scala
2023.11.01 20:13:10 WARN  no build target for: /home/dio/Documents/it/languages/scala/uni/SE/ha01/arithmetic/src/main/scala/Main.scala
Nov 01, 2023 8:15:04 PM org.eclipse.lsp4j.jsonrpc.RemoteEndpoint handleCancellation
WARNING: Unmatched cancel notification for request id 411
Nov 01, 2023 8:15:04 PM org.eclipse.lsp4j.jsonrpc.RemoteEndpoint handleCancellation
WARNING: Unmatched cancel notification for request id 415
Exception in thread "pool-3-thread-1" java.lang.InterruptedException
	at scala.meta.internal.metals.FutureCancelToken.checkCanceled(FutureCancelToken.scala:29)
	at scala.meta.internal.pc.CompilerAccess.onCompilerJobQueue$$anonfun$1(CompilerAccess.scala:230)
	at scala.meta.internal.pc.CompilerJobQueue$Job.run(CompilerJobQueue.scala:152)
	at java.base/java.util.concurrent.ThreadPoolExecutor.runWorker(ThreadPoolExecutor.java:1128)
	at java.base/java.util.concurrent.ThreadPoolExecutor$Worker.run(ThreadPoolExecutor.java:628)
	at java.base/java.lang.Thread.run(Thread.java:829)
2023.11.01 20:15:34 WARN  no build target for: /home/dio/Documents/it/languages/scala/uni/SE/ha01/arithmetic/src/main/scala/Main.scala
2023.11.01 20:19:01 WARN  no build target for: /home/dio/Documents/it/languages/scala/uni/SE/ha01/arithmetic/src/main/scala/Main.scala
2023.11.01 20:20:05 WARN  no build target for: /home/dio/Documents/it/languages/scala/uni/SE/ha01/arithmetic/src/main/scala/Main.scala
2023.11.01 20:27:35 WARN  no build target for: /home/dio/Documents/it/languages/scala/uni/SE/ha01/arithmetic/src/main/scala/Main.scala
2023.11.01 20:31:02 WARN  no build target for: /home/dio/Documents/it/languages/scala/uni/SE/ha01/arithmetic/src/main/scala/Main.scala
2023.11.01 20:31:16 WARN  no build target for: /home/dio/Documents/it/languages/scala/uni/SE/ha01/arithmetic/src/main/scala/Main.scala
2023.11.01 20:32:09 WARN  no build target for: /home/dio/Documents/it/languages/scala/uni/SE/ha01/arithmetic/src/main/scala/Main.scala
2023.11.01 20:33:06 WARN  no build target for: /home/dio/Documents/it/languages/scala/uni/SE/ha01/arithmetic/src/main/scala/Main.scala
2023.11.01 20:34:03 WARN  no build target for: /home/dio/Documents/it/languages/scala/uni/SE/ha01/arithmetic/src/main/scala/Main.scala
2023.11.01 20:34:22 WARN  no build target for: /home/dio/Documents/it/languages/scala/uni/SE/ha01/arithmetic/src/main/scala/Main.scala
Nov 01, 2023 8:34:34 PM org.eclipse.lsp4j.jsonrpc.RemoteEndpoint handleCancellation
WARNING: Unmatched cancel notification for request id 1302
Nov 01, 2023 8:34:43 PM org.eclipse.lsp4j.jsonrpc.RemoteEndpoint handleCancellation
WARNING: Unmatched cancel notification for request id 1343
2023.11.01 20:35:01 WARN  no build target for: /home/dio/Documents/it/languages/scala/uni/SE/ha01/arithmetic/src/main/scala/Main.scala
2023.11.01 20:35:23 WARN  no build target for: /home/dio/Documents/it/languages/scala/uni/SE/ha01/arithmetic/src/main/scala/Main.scala
2023.11.01 20:44:53 WARN  no build target for: /home/dio/Documents/it/languages/scala/uni/SE/ha01/arithmetic/build.sbt
2023.11.01 20:44:53 WARN  Could not find semantic tokens for: file:///home/dio/Documents/it/languages/scala/uni/SE/ha01/arithmetic/build.sbt
2023.11.01 20:44:53 WARN  Could not find semantic tokens for: file:///home/dio/Documents/it/languages/scala/uni/SE/ha01/arithmetic/build.sbt
2023.11.01 20:45:05 WARN  Could not find semantic tokens for: file:///home/dio/Documents/it/languages/scala/uni/SE/ha01/arithmetic/build.sbt
2023.11.01 20:45:07 WARN  Could not find semantic tokens for: file:///home/dio/Documents/it/languages/scala/uni/SE/ha01/arithmetic/build.sbt
2023.11.01 20:45:09 WARN  Could not find semantic tokens for: file:///home/dio/Documents/it/languages/scala/uni/SE/ha01/arithmetic/build.sbt
2023.11.01 20:45:10 WARN  Could not find semantic tokens for: file:///home/dio/Documents/it/languages/scala/uni/SE/ha01/arithmetic/build.sbt
2023.11.01 20:45:10 WARN  Could not find semantic tokens for: file:///home/dio/Documents/it/languages/scala/uni/SE/ha01/arithmetic/build.sbt
2023.11.01 20:45:11 WARN  Could not find semantic tokens for: file:///home/dio/Documents/it/languages/scala/uni/SE/ha01/arithmetic/build.sbt
2023.11.01 20:45:12 WARN  Could not find semantic tokens for: file:///home/dio/Documents/it/languages/scala/uni/SE/ha01/arithmetic/build.sbt
2023.11.01 20:45:12 WARN  Could not find semantic tokens for: file:///home/dio/Documents/it/languages/scala/uni/SE/ha01/arithmetic/build.sbt
2023.11.01 20:45:13 WARN  Could not find semantic tokens for: file:///home/dio/Documents/it/languages/scala/uni/SE/ha01/arithmetic/build.sbt
2023.11.01 20:45:14 WARN  Could not find semantic tokens for: file:///home/dio/Documents/it/languages/scala/uni/SE/ha01/arithmetic/build.sbt
2023.11.01 20:45:14 WARN  Could not find semantic tokens for: file:///home/dio/Documents/it/languages/scala/uni/SE/ha01/arithmetic/build.sbt
2023.11.01 20:45:16 WARN  Could not find semantic tokens for: file:///home/dio/Documents/it/languages/scala/uni/SE/ha01/arithmetic/build.sbt
2023.11.01 20:45:18 WARN  no build target for: /home/dio/Documents/it/languages/scala/uni/SE/ha01/arithmetic/build.sbt
2023.11.01 20:45:18 WARN  Could not find semantic tokens for: file:///home/dio/Documents/it/languages/scala/uni/SE/ha01/arithmetic/build.sbt
2023.11.01 20:45:19 WARN  Could not find semantic tokens for: file:///home/dio/Documents/it/languages/scala/uni/SE/ha01/arithmetic/build.sbt
2023.11.01 20:45:46 WARN  Could not find semantic tokens for: file:///home/dio/Documents/it/languages/scala/uni/SE/ha01/arithmetic/build.sbt
2023.11.01 20:45:46 WARN  no build target for: /home/dio/Documents/it/languages/scala/uni/SE/ha01/arithmetic/build.sbt
2023.11.01 20:45:46 WARN  Could not find semantic tokens for: file:///home/dio/Documents/it/languages/scala/uni/SE/ha01/arithmetic/build.sbt
2023.11.01 20:45:46 WARN  Could not find semantic tokens for: file:///home/dio/Documents/it/languages/scala/uni/SE/ha01/arithmetic/build.sbt
2023.11.01 20:45:49 INFO  skipping build import with status 'Dismissed'
2023.11.01 20:46:45 WARN  Could not find semantic tokens for: file:///home/dio/Documents/it/languages/scala/uni/SE/ha01/arithmetic/build.sbt
2023.11.01 20:46:45 WARN  no build target for: /home/dio/Documents/it/languages/scala/uni/SE/ha01/arithmetic/build.sbt
2023.11.01 20:46:45 INFO  skipping build import with status 'Dismissed'
2023.11.01 20:46:45 WARN  Could not find semantic tokens for: file:///home/dio/Documents/it/languages/scala/uni/SE/ha01/arithmetic/build.sbt
2023.11.01 20:46:46 WARN  Could not find semantic tokens for: file:///home/dio/Documents/it/languages/scala/uni/SE/ha01/arithmetic/build.sbt
2023.11.01 21:12:04 WARN  no build target for: /home/dio/Documents/it/languages/scala/uni/SE/ha01/arithmetic/src/main/scala/Main.scala
2023.11.01 21:18:31 WARN  no build target for: /home/dio/Documents/it/languages/scala/uni/SE/ha01/arithmetic/src/main/scala/Main.scala
2023.11.01 21:19:11 WARN  no build target for: /home/dio/Documents/it/languages/scala/uni/SE/ha01/arithmetic/src/main/scala/Main.scala
2023.11.01 21:19:25 WARN  no build target for: /home/dio/Documents/it/languages/scala/uni/SE/ha01/arithmetic/src/main/scala/Main.scala
2023.11.01 21:19:45 WARN  no build target for: /home/dio/Documents/it/languages/scala/uni/SE/ha01/arithmetic/src/main/scala/Main.scala
2023.11.01 21:19:52 WARN  no build target for: /home/dio/Documents/it/languages/scala/uni/SE/ha01/arithmetic/src/main/scala/Main.scala
Nov 01, 2023 9:23:06 PM org.eclipse.lsp4j.jsonrpc.RemoteEndpoint handleCancellation
WARNING: Unmatched cancel notification for request id 2160
2023.11.01 21:26:50 WARN  no build target for: /home/dio/Documents/it/languages/scala/uni/SE/ha01/arithmetic/src/main/scala/Main.scala
2023.11.01 21:26:54 WARN  no build target for: /home/dio/Documents/it/languages/scala/uni/SE/ha01/arithmetic/src/main/scala/Main.scala
2023.11.01 21:27:18 WARN  no build target for: /home/dio/Documents/it/languages/scala/uni/SE/ha01/arithmetic/src/main/scala/Main.scala
2023.11.01 21:27:21 WARN  no build target for: /home/dio/Documents/it/languages/scala/uni/SE/ha01/arithmetic/src/main/scala/Main.scala
2023.11.01 21:28:01 WARN  no build target for: /home/dio/Documents/it/languages/scala/uni/SE/ha01/arithmetic/src/main/scala/Main.scala
2023.11.01 21:28:28 WARN  no build target for: /home/dio/Documents/it/languages/scala/uni/SE/ha01/arithmetic/src/main/scala/Main.scala
2023.11.01 21:28:30 WARN  no build target for: /home/dio/Documents/it/languages/scala/uni/SE/ha01/arithmetic/src/main/scala/Main.scala
2023.11.01 21:28:52 WARN  no build target for: /home/dio/Documents/it/languages/scala/uni/SE/ha01/arithmetic/src/main/scala/Main.scala
2023.11.01 21:28:57 WARN  no build target for: /home/dio/Documents/it/languages/scala/uni/SE/ha01/arithmetic/src/main/scala/Main.scala
2023.11.01 21:29:24 WARN  no build target for: /home/dio/Documents/it/languages/scala/uni/SE/ha01/arithmetic/src/main/scala/Main.scala
2023.11.01 21:30:26 WARN  no build target for: /home/dio/Documents/it/languages/scala/uni/SE/ha01/arithmetic/src/main/scala/Main.scala
2023.11.01 21:31:42 WARN  no build target for: /home/dio/Documents/it/languages/scala/uni/SE/ha01/arithmetic/src/main/scala/Main.scala
Nov 01, 2023 9:31:46 PM org.eclipse.lsp4j.jsonrpc.RemoteEndpoint handleCancellation
WARNING: Unmatched cancel notification for request id 2792
2023.11.01 21:31:53 ERROR Failed to tokenize input for semantic tokens for /home/dio/Documents/it/languages/scala/uni/SE/ha01/arithmetic/src/main/scala/Main.scala
scala.meta.tokenizers.TokenizeException: <input>:23: error: unclosed string interpolation
        println(s"$"
                  ^
	at scala.meta.internal.tokenizers.Reporter.syntaxError(Reporter.scala:23)
	at scala.meta.internal.tokenizers.Reporter.syntaxError$(Reporter.scala:23)
	at scala.meta.internal.tokenizers.Reporter$$anon$1.syntaxError(Reporter.scala:33)
	at scala.meta.internal.tokenizers.Reporter.syntaxError(Reporter.scala:25)
	at scala.meta.internal.tokenizers.Reporter.syntaxError$(Reporter.scala:25)
	at scala.meta.internal.tokenizers.Reporter$$anon$1.syntaxError(Reporter.scala:33)
	at scala.meta.internal.tokenizers.LegacyScanner.getStringPart(LegacyScanner.scala:659)
	at scala.meta.internal.tokenizers.LegacyScanner.fetchDoubleQuote$1(LegacyScanner.scala:357)
	at scala.meta.internal.tokenizers.LegacyScanner.fetchToken(LegacyScanner.scala:376)
	at scala.meta.internal.tokenizers.LegacyScanner.nextToken(LegacyScanner.scala:211)
	at scala.meta.internal.tokenizers.LegacyScanner.foreach(LegacyScanner.scala:1011)
	at scala.meta.internal.tokenizers.ScalametaTokenizer.uncachedTokenize(ScalametaTokenizer.scala:24)
	at scala.meta.internal.tokenizers.ScalametaTokenizer.$anonfun$tokenize$1(ScalametaTokenizer.scala:17)
	at scala.collection.concurrent.TrieMap.getOrElseUpdate(TrieMap.scala:962)
	at scala.meta.internal.tokenizers.ScalametaTokenizer.tokenize(ScalametaTokenizer.scala:17)
	at scala.meta.internal.tokenizers.ScalametaTokenizer$$anon$2.apply(ScalametaTokenizer.scala:332)
	at scala.meta.tokenizers.Api$XtensionTokenizeDialectInput.tokenize(Api.scala:25)
	at scala.meta.tokenizers.Api$XtensionTokenizeInputLike.tokenize(Api.scala:14)
	at scala.meta.internal.metals.SemanticTokensProvider$.getTokens(SemanticTokensProvider.scala:28)
	at scala.meta.internal.metals.SemanticTokensProvider$.provide(SemanticTokensProvider.scala:89)
	at scala.meta.internal.metals.Compilers.$anonfun$semanticTokens$3(Compilers.scala:539)
	at scala.concurrent.impl.Promise$Transformation.run(Promise.scala:467)
	at java.util.concurrent.ThreadPoolExecutor.runWorker(ThreadPoolExecutor.java:1128)
	at java.util.concurrent.ThreadPoolExecutor$Worker.run(ThreadPoolExecutor.java:628)
	at java.lang.Thread.run(Thread.java:829)

2023.11.01 21:32:08 WARN  no build target for: /home/dio/Documents/it/languages/scala/uni/SE/ha01/arithmetic/src/main/scala/Main.scala
2023.11.01 21:32:13 WARN  no build target for: /home/dio/Documents/it/languages/scala/uni/SE/ha01/arithmetic/src/main/scala/Main.scala
2023.11.01 21:32:46 WARN  no build target for: /home/dio/Documents/it/languages/scala/uni/SE/ha01/arithmetic/src/main/scala/Main.scala
Nov 01, 2023 9:36:35 PM org.eclipse.lsp4j.jsonrpc.RemoteEndpoint handleCancellation
WARNING: Unmatched cancel notification for request id 2989
2023.11.01 21:36:49 WARN  no build target for: /home/dio/Documents/it/languages/scala/uni/SE/ha01/arithmetic/src/main/scala/Main.scala
Nov 01, 2023 9:36:56 PM org.eclipse.lsp4j.jsonrpc.RemoteEndpoint handleCancellation
WARNING: Unmatched cancel notification for request id 3097
2023.11.01 21:36:56 WARN  no build target for: /home/dio/Documents/it/languages/scala/uni/SE/ha01/arithmetic/src/main/scala/Main.scala
2023.11.01 21:37:11 WARN  no build target for: /home/dio/Documents/it/languages/scala/uni/SE/ha01/arithmetic/src/main/scala/Main.scala
2023.11.01 21:37:28 WARN  no build target for: /home/dio/Documents/it/languages/scala/uni/SE/ha01/arithmetic/src/main/scala/Main.scala
Nov 01, 2023 9:37:43 PM org.eclipse.lsp4j.jsonrpc.RemoteEndpoint handleCancellation
WARNING: Unmatched cancel notification for request id 3300
2023.11.01 21:38:28 WARN  no build target for: /home/dio/Documents/it/languages/scala/uni/SE/ha01/arithmetic/src/main/scala/Main.scala
2023.11.01 21:39:18 WARN  no build target for: /home/dio/Documents/it/languages/scala/uni/SE/ha01/arithmetic/src/main/scala/Main.scala
2023.11.01 21:47:38 WARN  no build target for: /home/dio/Documents/it/languages/scala/uni/SE/ha01/arithmetic/src/main/scala/Main.scala
2023.11.01 21:47:45 WARN  no build target for: /home/dio/Documents/it/languages/scala/uni/SE/ha01/arithmetic/src/main/scala/Main.scala
2023.11.01 21:48:13 WARN  no build target for: /home/dio/Documents/it/languages/scala/uni/SE/ha01/arithmetic/src/main/scala/Main.scala
2023.11.01 21:48:23 WARN  no build target for: /home/dio/Documents/it/languages/scala/uni/SE/ha01/arithmetic/src/main/scala/Main.scala
2023.11.01 21:48:51 WARN  no build target for: /home/dio/Documents/it/languages/scala/uni/SE/ha01/arithmetic/src/main/scala/Main.scala
2023.11.01 21:49:22 WARN  no build target for: /home/dio/Documents/it/languages/scala/uni/SE/ha01/arithmetic/src/main/scala/Main.scala
2023.11.01 21:57:32 WARN  no build target for: /home/dio/Documents/it/languages/scala/uni/SE/ha01/arithmetic/src/main/scala/Main.scala
2023.11.01 21:58:03 WARN  no build target for: /home/dio/Documents/it/languages/scala/uni/SE/ha01/arithmetic/src/main/scala/Main.scala
2023.11.01 21:58:41 WARN  no build target for: /home/dio/Documents/it/languages/scala/uni/SE/ha01/arithmetic/src/main/scala/Main.scala
2023.11.01 21:58:55 WARN  no build target for: /home/dio/Documents/it/languages/scala/uni/SE/ha01/arithmetic/src/main/scala/Main.scala
2023.11.01 21:59:25 WARN  no build target for: /home/dio/Documents/it/languages/scala/uni/SE/ha01/arithmetic/src/main/scala/Main.scala
2023.11.01 21:59:44 WARN  no build target for: /home/dio/Documents/it/languages/scala/uni/SE/ha01/arithmetic/src/main/scala/Main.scala
2023.11.01 21:59:56 WARN  no build target for: /home/dio/Documents/it/languages/scala/uni/SE/ha01/arithmetic/src/main/scala/Main.scala
2023.11.01 22:19:27 INFO  Shutting down server
2023.11.01 22:19:27 INFO  shutting down Metals
2023.11.01 22:19:27 INFO  Exiting server
2023.11.02 11:22:14 INFO  Started: Metals version 1.1.0 in folders '/home/dio/Documents/it/languages/scala/uni/SE/ha01/arithmetic' for client Visual Studio Code 1.84.0.
2023.11.02 11:22:16 WARN  Build server is not auto-connectable.
2023.11.02 11:22:16 WARN  no build target for: /home/dio/Documents/it/languages/scala/uni/SE/ha01/arithmetic/src/main/scala/Main.scala
2023.11.02 11:22:24 INFO  no build target found for /home/dio/Documents/it/languages/scala/uni/SE/ha01/arithmetic/src/main/scala/Main.scala. Using presentation compiler with project's scala-library version: 3.3.1
2023.11.02 11:44:34 WARN  no build target for: /home/dio/Documents/it/languages/scala/uni/SE/ha01/arithmetic/src/main/scala/Main.scala
2023.11.02 11:44:37 WARN  no build target for: /home/dio/Documents/it/languages/scala/uni/SE/ha01/arithmetic/src/main/scala/Main.scala
2023.11.02 11:44:37 WARN  no build target for: /home/dio/Documents/it/languages/scala/uni/SE/ha01/arithmetic/build.sbt
2023.11.02 11:44:37 WARN  Could not find semantic tokens for: file:///home/dio/Documents/it/languages/scala/uni/SE/ha01/arithmetic/build.sbt
2023.11.02 11:44:37 WARN  Could not find semantic tokens for: file:///home/dio/Documents/it/languages/scala/uni/SE/ha01/arithmetic/build.sbt
2023.11.02 11:44:40 WARN  no build target for: /home/dio/Documents/it/languages/scala/uni/SE/ha01/arithmetic/src/main/scala/Main.scala
Nov 02, 2023 11:45:05 AM org.eclipse.lsp4j.jsonrpc.RemoteEndpoint handleCancellation
WARNING: Unmatched cancel notification for request id 112
2023.11.02 11:45:27 WARN  no build target for: /home/dio/Documents/it/languages/scala/uni/SE/ha01/arithmetic/src/main/scala/Main.scala
Nov 02, 2023 11:46:52 AM org.eclipse.lsp4j.jsonrpc.RemoteEndpoint handleCancellation
WARNING: Unmatched cancel notification for request id 308
2023.11.02 11:47:04 WARN  no build target for: /home/dio/Documents/it/languages/scala/uni/SE/ha01/arithmetic/src/main/scala/Main.scala
2023.11.02 11:47:14 WARN  no build target for: /home/dio/Documents/it/languages/scala/uni/SE/ha01/arithmetic/src/main/scala/Main.scala
2023.11.02 11:53:57 WARN  no build target for: /home/dio/Documents/it/languages/scala/uni/SE/ha01/arithmetic/src/main/scala/Main.scala
2023.11.02 11:54:27 WARN  no build target for: /home/dio/Documents/it/languages/scala/uni/SE/ha01/arithmetic/src/main/scala/Main.scala
2023.11.02 11:54:51 WARN  no build target for: /home/dio/Documents/it/languages/scala/uni/SE/ha01/arithmetic/src/main/scala/Main.scala
2023.11.02 11:55:08 WARN  no build target for: /home/dio/Documents/it/languages/scala/uni/SE/ha01/arithmetic/src/main/scala/Main.scala
2023.11.02 11:57:31 WARN  no build target for: /home/dio/Documents/it/languages/scala/uni/SE/ha01/arithmetic/src/main/scala/Main.scala
2023.11.02 12:01:09 WARN  no build target for: /home/dio/Documents/it/languages/scala/uni/SE/ha01/arithmetic/src/main/scala/Main.scala
2023.11.02 12:01:36 WARN  no build target for: /home/dio/Documents/it/languages/scala/uni/SE/ha01/arithmetic/src/main/scala/Main.scala
2023.11.02 12:02:11 INFO  Shutting down server
2023.11.02 12:02:11 INFO  shutting down Metals
2023.11.02 12:02:11 INFO  Exiting server
2023.11.02 12:02:11 ERROR Unexpected error initializing server: 
org.eclipse.lsp4j.jsonrpc.ResponseErrorException: Request window/showMessageRequest failed with message: Canceled
	at org.eclipse.lsp4j.jsonrpc.RemoteEndpoint.handleResponse(RemoteEndpoint.java:209)
	at org.eclipse.lsp4j.jsonrpc.RemoteEndpoint.consume(RemoteEndpoint.java:193)
	at org.eclipse.lsp4j.jsonrpc.json.StreamMessageProducer.handleMessage(StreamMessageProducer.java:194)
	at org.eclipse.lsp4j.jsonrpc.json.StreamMessageProducer.listen(StreamMessageProducer.java:94)
	at org.eclipse.lsp4j.jsonrpc.json.ConcurrentMessageProcessor.run(ConcurrentMessageProcessor.java:113)
	at java.util.concurrent.Executors$RunnableAdapter.call(Executors.java:515)
	at java.util.concurrent.FutureTask.run(FutureTask.java:264)
	at java.util.concurrent.ThreadPoolExecutor.runWorker(ThreadPoolExecutor.java:1128)
	at java.util.concurrent.ThreadPoolExecutor$Worker.run(ThreadPoolExecutor.java:628)
	at java.lang.Thread.run(Thread.java:829)

2023.11.02 12:16:01 INFO  Started: Metals version 1.1.0 in folders '/home/dio/Documents/it/languages/scala/uni/SE/ha01/arithmetic' for client Visual Studio Code 1.84.0.
2023.11.02 12:16:02 WARN  Build server is not auto-connectable.
2023.11.02 12:16:02 WARN  no build target for: /home/dio/Documents/it/languages/scala/uni/SE/ha01/arithmetic/src/main/scala/Main.scala
2023.11.02 12:16:09 INFO  no build target found for /home/dio/Documents/it/languages/scala/uni/SE/ha01/arithmetic/src/main/scala/Main.scala. Using presentation compiler with project's scala-library version: 3.3.1
2023.11.02 12:16:12 INFO  time: code lens generation in 9.42s
2023.11.02 12:33:38 WARN  no build target for: /home/dio/Documents/it/languages/scala/uni/SE/ha01/arithmetic/src/main/scala/Main.scala
2023.11.02 12:33:39 INFO  Shutting down server
2023.11.02 12:33:39 INFO  shutting down Metals
2023.11.02 12:33:39 INFO  Exiting server
2023.11.02 14:45:29 INFO  Started: Metals version 1.1.0 in folders '/home/dio/Documents/it/languages/scala/uni/SE/ha01/arithmetic' for client Visual Studio Code 1.84.0.
2023.11.02 14:45:31 WARN  Build server is not auto-connectable.
2023.11.02 14:45:31 WARN  no build target for: /home/dio/Documents/it/languages/scala/uni/SE/ha01/arithmetic/src/main/scala/Main.scala
2023.11.02 14:45:36 INFO  no build target found for /home/dio/Documents/it/languages/scala/uni/SE/ha01/arithmetic/src/main/scala/Main.scala. Using presentation compiler with project's scala-library version: 3.3.1
2023.11.02 14:45:40 INFO  time: code lens generation in 8.34s
2023.11.02 14:54:43 INFO  time: code lens generation in 1.38s
Nov 02, 2023 2:55:31 PM org.eclipse.lsp4j.jsonrpc.RemoteEndpoint handleCancellation
WARNING: Unmatched cancel notification for request id 306
2023.11.02 14:56:06 WARN  no build target for: /home/dio/Documents/it/languages/scala/uni/SE/ha01/arithmetic/src/main/scala/Main.scala
2023.11.02 14:56:21 WARN  no build target for: /home/dio/Documents/it/languages/scala/uni/SE/ha01/arithmetic/src/main/scala/Main.scala
Nov 02, 2023 2:56:31 PM org.eclipse.lsp4j.jsonrpc.RemoteEndpoint handleCancellation
WARNING: Unmatched cancel notification for request id 481
2023.11.02 14:56:50 WARN  no build target for: /home/dio/Documents/it/languages/scala/uni/SE/ha01/arithmetic/src/main/scala/Main.scala
2023.11.02 14:56:53 WARN  no build target for: /home/dio/Documents/it/languages/scala/uni/SE/ha01/arithmetic/src/main/scala/Main.scala
2023.11.02 14:57:36 WARN  no build target for: /home/dio/Documents/it/languages/scala/uni/SE/ha01/arithmetic/src/main/scala/Main.scala
2023.11.02 14:58:10 WARN  no build target for: /home/dio/Documents/it/languages/scala/uni/SE/ha01/arithmetic/src/main/scala/Main.scala
2023.11.02 15:05:30 WARN  no build target for: /home/dio/Documents/it/languages/scala/uni/SE/ha01/arithmetic/src/main/scala/Main.scala
2023.11.02 15:06:02 ERROR Failed to tokenize input for semantic tokens for /home/dio/Documents/it/languages/scala/uni/SE/ha01/arithmetic/src/main/scala/Main.scala
scala.meta.tokenizers.TokenizeException: <input>:32: error: unclosed string interpolation
      println(s"num: $")
                ^
	at scala.meta.internal.tokenizers.Reporter.syntaxError(Reporter.scala:23)
	at scala.meta.internal.tokenizers.Reporter.syntaxError$(Reporter.scala:23)
	at scala.meta.internal.tokenizers.Reporter$$anon$1.syntaxError(Reporter.scala:33)
	at scala.meta.internal.tokenizers.Reporter.syntaxError(Reporter.scala:25)
	at scala.meta.internal.tokenizers.Reporter.syntaxError$(Reporter.scala:25)
	at scala.meta.internal.tokenizers.Reporter$$anon$1.syntaxError(Reporter.scala:33)
	at scala.meta.internal.tokenizers.LegacyScanner.getStringPart(LegacyScanner.scala:659)
	at scala.meta.internal.tokenizers.LegacyScanner.fetchDoubleQuote$1(LegacyScanner.scala:357)
	at scala.meta.internal.tokenizers.LegacyScanner.fetchToken(LegacyScanner.scala:376)
	at scala.meta.internal.tokenizers.LegacyScanner.nextToken(LegacyScanner.scala:211)
	at scala.meta.internal.tokenizers.LegacyScanner.foreach(LegacyScanner.scala:1011)
	at scala.meta.internal.tokenizers.ScalametaTokenizer.uncachedTokenize(ScalametaTokenizer.scala:24)
	at scala.meta.internal.tokenizers.ScalametaTokenizer.$anonfun$tokenize$1(ScalametaTokenizer.scala:17)
	at scala.collection.concurrent.TrieMap.getOrElseUpdate(TrieMap.scala:962)
	at scala.meta.internal.tokenizers.ScalametaTokenizer.tokenize(ScalametaTokenizer.scala:17)
	at scala.meta.internal.tokenizers.ScalametaTokenizer$$anon$2.apply(ScalametaTokenizer.scala:332)
	at scala.meta.tokenizers.Api$XtensionTokenizeDialectInput.tokenize(Api.scala:25)
	at scala.meta.tokenizers.Api$XtensionTokenizeInputLike.tokenize(Api.scala:14)
	at scala.meta.internal.metals.SemanticTokensProvider$.getTokens(SemanticTokensProvider.scala:28)
	at scala.meta.internal.metals.SemanticTokensProvider$.provide(SemanticTokensProvider.scala:89)
	at scala.meta.internal.metals.Compilers.$anonfun$semanticTokens$3(Compilers.scala:539)
	at scala.concurrent.impl.Promise$Transformation.run(Promise.scala:467)
	at java.util.concurrent.ThreadPoolExecutor.runWorker(ThreadPoolExecutor.java:1128)
	at java.util.concurrent.ThreadPoolExecutor$Worker.run(ThreadPoolExecutor.java:628)
	at java.lang.Thread.run(Thread.java:829)

2023.11.02 15:06:23 WARN  no build target for: /home/dio/Documents/it/languages/scala/uni/SE/ha01/arithmetic/src/main/scala/Main.scala
2023.11.02 15:12:22 WARN  no build target for: /home/dio/Documents/it/languages/scala/uni/SE/ha01/arithmetic/src/main/scala/Main.scala
2023.11.02 15:12:38 WARN  no build target for: /home/dio/Documents/it/languages/scala/uni/SE/ha01/arithmetic/src/main/scala/Main.scala
2023.11.02 15:13:15 WARN  no build target for: /home/dio/Documents/it/languages/scala/uni/SE/ha01/arithmetic/src/main/scala/Main.scala
